<?xml version="1.0" encoding="UTF-8"?>
<!-- Generated by org.testng.reporters.JUnitReportReporter -->
<testsuite skipped="0" hostname="LAPTOP-1V1P0I9R" name="guru99Application.Guru99ApplicationTest" tests="1" failures="0" timestamp="2020-08-14T15:36:23 EDT" time="10.283" errors="0">
  <testcase name="verifyTitleOfThePage" time="10.283" classname="guru99Application.Guru99ApplicationTest"/>
  <system-out/>
</testsuite> <!-- guru99Application.Guru99ApplicationTest -->
